[2020-02-22T14:27:17.475] [INFO] INFO - New connection
[2020-02-22T14:27:17.575] [INFO] INFO - hbase:customdata26Gnoclodcloudjs:5
[2020-02-22T14:27:17.651] [INFO] INFO - New connection
[2020-02-22T14:27:17.651] [INFO] INFO - hbase:customdata26Gnoclodrhrc:1
[2020-02-22T14:27:17.855] [INFO] INFO - New connection
[2020-02-22T14:27:18.034] [INFO] INFO - New connection
[2020-02-22T14:27:18.200] [INFO] INFO - New connection
[2020-02-22T14:27:18.375] [INFO] INFO - New connection
[2020-02-22T14:27:18.586] [INFO] INFO - New connection
[2020-02-22T14:27:18.775] [INFO] INFO - New connection
[2020-02-22T14:27:18.935] [INFO] INFO - New connection
[2020-02-22T14:27:19.126] [INFO] INFO - New connection
[2020-02-22T14:27:19.133] [INFO] INFO - hbase:customdata26Gnoclodrbin:3
[2020-02-22T14:27:19.534] [INFO] INFO - hbase:customdata26Gnoclodr0bin:4
[2020-02-22T14:27:19.950] [INFO] INFO - hbase:customdata26Gnoclodr2bin:31
[2020-02-22T14:27:20.219] [INFO] INFO - Connection closed
[2020-02-22T14:27:20.230] [INFO] INFO - Connection closed
[2020-02-22T14:27:20.230] [INFO] INFO - Connection closed
[2020-02-22T14:27:20.230] [INFO] INFO - Connection closed
[2020-02-22T14:27:20.231] [INFO] INFO - Connection closed
[2020-02-22T14:27:20.234] [INFO] INFO - Connection closed
[2020-02-22T14:27:20.235] [INFO] INFO - Connection closed
[2020-02-22T14:27:20.235] [INFO] INFO - Connection closed
[2020-02-22T14:27:20.236] [INFO] INFO - Connection closed
[2020-02-22T14:27:20.245] [INFO] INFO - Connection closed
[2020-02-22T14:27:22.301] [INFO] INFO - New connection
[2020-02-22T14:27:22.398] [INFO] INFO - hbase:PointCloudcloudjs:2
[2020-02-22T14:27:22.474] [INFO] INFO - New connection
[2020-02-22T14:27:22.482] [INFO] INFO - hbase:customdata26Gnoclodrhrc:2
[2020-02-22T14:27:22.655] [INFO] INFO - New connection
[2020-02-22T14:27:22.815] [INFO] INFO - New connection
[2020-02-22T14:27:22.985] [INFO] INFO - New connection
[2020-02-22T14:27:23.040] [INFO] INFO - hbase:PointCloud0rbin:5
[2020-02-22T14:27:23.057] [INFO] INFO - hbase:PointCloud0rbin:2
[2020-02-22T14:27:23.044] [INFO] INFO - hbase:PointCloudr[0246]bin:4
[2020-02-22T14:27:23.097] [INFO] INFO - hbase:PointCloudr[0246]bin:3
[2020-02-22T14:27:23.625] [INFO] INFO - New connection
[2020-02-22T14:27:23.694] [INFO] INFO - hbase:PointCloudr0[0246]bin:5
[2020-02-22T14:27:24.616] [INFO] INFO - New connection
[2020-02-22T14:27:24.757] [INFO] INFO - hbase:PointCloudr2[04]bin:3
[2020-02-22T14:27:25.215] [INFO] INFO - New connection
[2020-02-22T14:27:25.236] [INFO] INFO - hbase:PointCloudr6[04]bin:2
[2020-02-22T14:27:25.197] [INFO] INFO - hbase:PointCloudr4[0246]bin:3
[2020-02-22T14:27:25.378] [INFO] INFO - hbase:PointCloudr04[26]bin:3
[2020-02-22T14:27:25.522] [INFO] INFO - hbase:PointCloud3r420bin:2
[2020-02-22T14:27:25.499] [INFO] INFO - hbase:PointCloudr06[046]bin:3
[2020-02-22T14:27:25.565] [INFO] INFO - New connection
[2020-02-22T14:27:25.600] [INFO] INFO - hbase:PointCloud4r0426bin:5
[2020-02-22T14:27:25.604] [INFO] INFO - hbase:PointCloudr046[26]bin:4
[2020-02-22T14:27:25.702] [INFO] INFO - hbase:PointCloudr060[04]bin:2
[2020-02-22T14:27:25.797] [INFO] INFO - hbase:PointCloudr064[024]bin:2
[2020-02-22T14:27:25.966] [INFO] INFO - New connection
[2020-02-22T14:27:26.008] [INFO] INFO - hbase:PointCloud5r04266bin:3
[2020-02-22T14:27:26.414] [INFO] INFO - hbase:PointCloudr0462[0246]bin:3
[2020-02-22T14:27:26.597] [INFO] INFO - hbase:PointCloud5r04662bin:2
[2020-02-22T14:27:26.653] [INFO] INFO - hbase:PointCloud5r06044bin:2
[2020-02-22T14:27:26.667] [INFO] INFO - hbase:PointCloudr0640[04]bin:2
[2020-02-22T14:27:27.257] [INFO] INFO - hbase:PointCloud5r06440bin:3
[2020-02-22T14:27:27.343] [INFO] INFO - hbase:PointCloudr04266[46]bin:2
[2020-02-22T14:27:28.066] [INFO] INFO - hbase:PointCloudr04620[246]bin:5
[2020-02-22T14:27:28.406] [INFO] INFO - hbase:PointCloudr04622[0246]bin:5
[2020-02-22T14:27:28.564] [INFO] INFO - hbase:PointCloud6r046242bin:3
[2020-02-22T14:27:28.783] [INFO] INFO - hbase:PointCloudr04626[0246]bin:3
[2020-02-22T14:27:28.903] [INFO] INFO - hbase:PointCloud6r064004bin:2
[2020-02-22T14:27:29.221] [INFO] INFO - hbase:PointCloud7r0462026bin:6
[2020-02-22T14:27:29.220] [INFO] INFO - hbase:PointCloudr046206[26]bin:5
[2020-02-22T14:27:29.453] [INFO] INFO - hbase:PointCloudr046220[046]bin:3
[2020-02-22T14:27:29.464] [INFO] INFO - hbase:PointCloudr046224[0246]bin:4
[2020-02-22T14:27:29.728] [INFO] INFO - hbase:PointCloudr046242[26]bin:2
[2020-02-22T14:27:29.819] [INFO] INFO - hbase:PointCloudr046260[0246]bin:5
[2020-02-22T14:27:29.983] [INFO] INFO - hbase:PointCloud7r0462640bin:3
[2020-02-22T14:28:02.419] [INFO] INFO - hbase:PointCloud6r060404bin:4
[2020-02-22T14:28:02.414] [INFO] INFO - hbase:PointCloud5r04262bin:4
[2020-02-22T14:28:02.413] [INFO] INFO - hbase:PointCloudr0604[02]bin:3
[2020-02-22T14:28:03.914] [INFO] INFO - hbase:PointCloud5r04260bin:3
[2020-02-22T14:28:03.919] [INFO] INFO - hbase:PointCloud6r042606bin:9
[2020-02-22T14:28:03.916] [INFO] INFO - hbase:PointCloudr04264[246]bin:6
[2020-02-22T14:28:05.304] [INFO] INFO - hbase:PointCloud4r4020bin:4
[2020-02-22T14:28:05.320] [INFO] INFO - hbase:PointCloud6r046400bin:6
[2020-02-22T14:28:05.312] [INFO] INFO - hbase:PointCloudr0464[04]bin:2
[2020-02-22T14:28:05.312] [INFO] INFO - hbase:PointCloudr04604[46]bin:2
[2020-02-22T14:28:06.398] [INFO] INFO - hbase:PointCloud4r4002bin:2
[2020-02-22T14:28:06.402] [INFO] INFO - hbase:PointCloud3r406bin:7
[2020-02-22T14:28:06.411] [INFO] INFO - hbase:PointCloud5r40200bin:4
[2020-02-22T14:28:06.413] [INFO] INFO - hbase:PointCloud5r40022bin:6
[2020-02-22T14:28:06.413] [INFO] INFO - hbase:PointCloud6r044266bin:6
[2020-02-22T14:28:06.401] [INFO] INFO - hbase:PointCloudr044[46]bin:6
[2020-02-22T14:28:06.400] [INFO] INFO - hbase:PointCloudr0446[0246]bin:5
[2020-02-22T14:28:06.420] [INFO] INFO - hbase:PointCloudr04462[246]bin:12
[2020-02-22T14:28:06.427] [INFO] INFO - hbase:PointCloudr04466[0246]bin:4
[2020-02-22T14:28:07.758] [INFO] INFO - hbase:PointCloud6r044266bin:3
[2020-02-22T14:28:07.744] [INFO] INFO - hbase:PointCloudr0446[026]bin:3
[2020-02-22T14:28:07.759] [INFO] INFO - hbase:PointCloudr04462[26]bin:4
[2020-02-22T14:28:09.158] [INFO] INFO - hbase:PointCloud4r4000bin:3
[2020-02-22T14:28:09.172] [INFO] INFO - hbase:PointCloud5r40020bin:3
[2020-02-22T14:28:09.172] [INFO] INFO - hbase:PointCloud5r04406bin:3
[2020-02-22T14:28:09.173] [INFO] INFO - hbase:PointCloud5r40002bin:4
[2020-02-22T14:28:09.175] [INFO] INFO - hbase:PointCloud5r04462bin:6
[2020-02-22T14:28:09.173] [INFO] INFO - hbase:PointCloudr04442[26]bin:4
[2020-02-22T14:28:09.186] [INFO] INFO - hbase:PointCloudr04460[04]bin:7
[2020-02-22T14:28:09.173] [INFO] INFO - hbase:PointCloudr0444[246]bin:4
[2020-02-22T14:28:09.179] [INFO] INFO - hbase:PointCloudr04446[246]bin:9
[2020-02-22T14:28:10.657] [INFO] INFO - hbase:PointCloud4r4040bin:2
[2020-02-22T14:28:10.653] [INFO] INFO - hbase:PointCloud3r404bin:2
[2020-02-22T14:28:10.657] [INFO] INFO - hbase:PointCloudr400[46]bin:2
[2020-02-22T14:28:10.662] [INFO] INFO - hbase:PointCloudr0444[46]bin:2
[2020-02-22T14:28:10.672] [INFO] INFO - hbase:PointCloudr4004[024]bin:7
[2020-02-22T14:28:10.681] [INFO] INFO - hbase:PointCloudr40004[024]bin:5
[2020-02-22T14:28:10.671] [INFO] INFO - hbase:PointCloudr4000[0246]bin:6
[2020-02-22T14:28:10.679] [INFO] INFO - hbase:PointCloudr40000[0246]bin:10
[2020-02-22T14:28:12.188] [INFO] INFO - hbase:PointCloud4r4040bin:3
[2020-02-22T14:28:12.197] [INFO] INFO - hbase:PointCloud6r400044bin:2
[2020-02-22T14:28:12.197] [INFO] INFO - hbase:PointCloud5r40400bin:2
[2020-02-22T14:28:12.197] [INFO] INFO - hbase:PointCloudr40040[04]bin:2
[2020-02-22T14:28:12.191] [INFO] INFO - hbase:PointCloudr4000[46]bin:2
[2020-02-22T14:28:12.202] [INFO] INFO - hbase:PointCloudr4004[024]bin:8
[2020-02-22T14:28:13.562] [INFO] INFO - hbase:PointCloud4r4024bin:2
[2020-02-22T14:28:13.547] [INFO] INFO - hbase:PointCloudr44[02]bin:2
[2020-02-22T14:28:13.567] [INFO] INFO - hbase:PointCloud4r4060bin:3
[2020-02-22T14:28:13.567] [INFO] INFO - hbase:PointCloudr4006[04]bin:2
[2020-02-22T14:28:13.589] [INFO] INFO - hbase:PointCloud5r40442bin:6
[2020-02-22T14:28:13.567] [INFO] INFO - hbase:PointCloudr4004[46]bin:2
[2020-02-22T14:28:13.569] [INFO] INFO - hbase:PointCloudr4040[246]bin:4
[2020-02-22T14:28:13.573] [INFO] INFO - hbase:PointCloudr4042[04]bin:2
[2020-02-22T14:28:13.562] [INFO] INFO - hbase:PointCloudr404[246]bin:2
[2020-02-22T14:28:13.596] [INFO] INFO - hbase:PointCloudr40046[26]bin:14
[2020-02-22T14:28:13.622] [INFO] INFO - hbase:PointCloud6r404060bin:2
[2020-02-22T14:28:13.623] [INFO] INFO - hbase:PointCloudr40402[0246]bin:4
[2020-02-22T14:28:14.818] [INFO] INFO - hbase:PointCloud3r424bin:3
[2020-02-22T14:28:14.817] [INFO] INFO - hbase:PointCloud4r4026bin:2
[2020-02-22T14:28:14.818] [INFO] INFO - hbase:PointCloud4r4042bin:3
[2020-02-22T14:28:14.818] [INFO] INFO - hbase:PointCloud3r442bin:3
[2020-02-22T14:28:14.840] [INFO] INFO - hbase:PointCloud5r40600bin:2
[2020-02-22T14:28:14.822] [INFO] INFO - hbase:PointCloudr406[04]bin:2
[2020-02-22T14:28:14.835] [INFO] INFO - hbase:PointCloudr4024[04]bin:15
[2020-02-22T14:28:14.849] [INFO] INFO - hbase:PointCloudr40062[26]bin:10
[2020-02-22T14:28:14.825] [INFO] INFO - hbase:PointCloudr4042[026]bin:4
[2020-02-22T14:28:14.823] [INFO] INFO - hbase:PointCloudr4006[0246]bin:3
[2020-02-22T14:28:14.895] [INFO] INFO - hbase:PointCloudr40422[02]bin:7
[2020-02-22T14:28:14.894] [INFO] INFO - hbase:PointCloudr40066[0246]bin:5
[2020-02-22T14:28:16.517] [INFO] INFO - hbase:PointCloud4r4042bin:2
[2020-02-22T14:28:16.537] [INFO] INFO - hbase:PointCloud5r40422bin:3
[2020-02-22T14:28:16.543] [INFO] INFO - hbase:PointCloud6r400606bin:2
[2020-02-22T14:28:16.537] [INFO] INFO - hbase:PointCloud5r40204bin:3
[2020-02-22T14:28:16.522] [INFO] INFO - hbase:PointCloudr4002[46]bin:2
[2020-02-22T14:28:16.537] [INFO] INFO - hbase:PointCloudr40026[04]bin:3
[2020-02-22T14:28:16.540] [INFO] INFO - hbase:PointCloudr4024[04]bin:6
[2020-02-22T14:28:16.549] [INFO] INFO - hbase:PointCloudr40062[04]bin:9
[2020-02-22T14:28:16.569] [INFO] INFO - hbase:PointCloudr40064[26]bin:6
[2020-02-22T14:28:16.540] [INFO] INFO - hbase:PointCloudr4006[0246]bin:6
[2020-02-22T14:28:16.662] [INFO] INFO - hbase:PointCloud6r400660bin:2
[2020-02-22T14:28:18.189] [INFO] INFO - hbase:PointCloud4r4026bin:2
[2020-02-22T14:28:18.207] [INFO] INFO - hbase:PointCloud4r4204bin:3
[2020-02-22T14:28:18.207] [INFO] INFO - hbase:PointCloud4r4240bin:2
[2020-02-22T14:28:18.207] [INFO] INFO - hbase:PointCloud6r402406bin:2
[2020-02-22T14:28:18.208] [INFO] INFO - hbase:PointCloudr406[26]bin:3
[2020-02-22T14:28:18.208] [INFO] INFO - hbase:PointCloudr4062[04]bin:2
[2020-02-22T14:28:18.225] [INFO] INFO - hbase:PointCloudr4060[26]bin:20
[2020-02-22T14:28:18.209] [INFO] INFO - hbase:PointCloudr4024[0246]bin:4
[2020-02-22T14:28:18.216] [INFO] INFO - hbase:PointCloudr4026[0246]bin:11
[2020-02-22T14:28:18.261] [INFO] INFO - hbase:PointCloudr40242[246]bin:8
[2020-02-22T14:28:18.438] [INFO] INFO - hbase:PointCloudr40244[26]bin:4
[2020-02-22T14:28:18.534] [INFO] INFO - hbase:PointCloudr40246[0246]bin:5
[2020-02-22T14:28:18.756] [INFO] INFO - hbase:PointCloudr40260[04]bin:2
[2020-02-22T14:28:18.844] [INFO] INFO - Connection closed
[2020-02-22T14:28:18.914] [INFO] INFO - hbase:PointCloudr40264[04]bin:4
[2020-02-22T14:28:18.930] [INFO] INFO - hbase:PointCloudr40602[02]bin:4
[2020-02-22T14:28:19.050] [INFO] INFO - hbase:PointCloudr402424[246]bin:65
[2020-02-22T14:28:19.129] [INFO] INFO - hbase:PointCloud7r4024426bin:4
[2020-02-22T14:28:19.122] [INFO] INFO - hbase:PointCloudr402426[04]bin:7
[2020-02-22T14:28:19.146] [INFO] INFO - hbase:PointCloud7r4024462bin:16
[2020-02-22T14:28:19.287] [INFO] INFO - hbase:PointCloudr402460[0246]bin:12
[2020-02-22T14:28:19.405] [INFO] INFO - hbase:PointCloudr402462[04]bin:5
[2020-02-22T14:28:19.478] [INFO] INFO - hbase:PointCloudr402464[0246]bin:9
[2020-02-22T14:28:19.536] [INFO] INFO - hbase:PointCloud7r4024660bin:2
[2020-02-22T14:28:33.010] [INFO] INFO - New connection
[2020-02-22T14:28:38.335] [INFO] INFO - hbase:PointCloud5r40642bin:4
[2020-02-22T14:28:38.333] [INFO] INFO - hbase:PointCloud6r402444bin:3
[2020-02-22T14:28:38.339] [INFO] INFO - hbase:PointCloud6r406060bin:4
[2020-02-22T14:28:38.337] [INFO] INFO - hbase:PointCloudr40602[46]bin:3
[2020-02-22T14:28:38.335] [INFO] INFO - hbase:PointCloudr40600[026]bin:5
[2020-02-22T14:28:38.384] [INFO] INFO - hbase:PointCloud7r4060062bin:43
[2020-02-22T14:28:38.405] [INFO] INFO - hbase:PointCloudr402446[46]bin:65
[2020-02-22T14:28:38.388] [INFO] INFO - hbase:PointCloudr406020[024]bin:38
[2020-02-22T14:28:38.385] [INFO] INFO - hbase:PointCloudr406002[0246]bin:45
[2020-02-22T14:28:45.264] [INFO] INFO - hbase:PointCloud6r400266bin:2
[2020-02-22T14:28:45.265] [INFO] INFO - hbase:PointCloud5r40206bin:4
[2020-02-22T14:28:45.264] [INFO] INFO - hbase:PointCloud5r40224bin:4
[2020-02-22T14:28:45.264] [INFO] INFO - hbase:PointCloudr40062[26]bin:4
[2020-02-22T14:28:45.288] [INFO] INFO - hbase:PointCloud6r402440bin:3
[2020-02-22T14:28:45.268] [INFO] INFO - hbase:PointCloudr40242[04]bin:7
[2020-02-22T14:28:45.282] [INFO] INFO - hbase:PointCloudr400626[26]bin:3
[2020-02-22T14:28:45.269] [INFO] INFO - hbase:PointCloudr40206[04]bin:9
[2020-02-22T14:28:45.266] [INFO] INFO - hbase:PointCloudr40204[46]bin:6
[2020-02-22T14:28:45.267] [INFO] INFO - hbase:PointCloudr40240[024]bin:7
[2020-02-22T14:28:45.529] [INFO] INFO - hbase:PointCloudr402044[46]bin:4
[2020-02-22T14:28:45.613] [INFO] INFO - hbase:PointCloudr402046[04]bin:3
[2020-02-22T14:28:45.839] [INFO] INFO - hbase:PointCloudr402400[0246]bin:5
[2020-02-22T14:28:46.259] [INFO] INFO - hbase:PointCloudr402402[04]bin:4
[2020-02-22T14:28:46.361] [INFO] INFO - hbase:PointCloudr402404[0246]bin:6
[2020-02-22T14:28:46.416] [INFO] INFO - hbase:PointCloud7r4024060bin:2
[2020-02-22T14:28:46.648] [INFO] INFO - hbase:PointCloud7r4024400bin:4
[2020-02-22T14:28:54.133] [INFO] INFO - hbase:PointCloud6r402246bin:3
[2020-02-22T14:28:54.138] [INFO] INFO - hbase:PointCloud5r40226bin:7
[2020-02-22T14:28:54.138] [INFO] INFO - hbase:PointCloud6r402642bin:3
[2020-02-22T14:28:54.138] [INFO] INFO - hbase:PointCloud5r40622bin:8
[2020-02-22T14:28:54.139] [INFO] INFO - hbase:PointCloudr40242[26]bin:4
[2020-02-22T14:28:54.139] [INFO] INFO - hbase:PointCloudr40260[26]bin:4
[2020-02-22T14:28:54.166] [INFO] INFO - hbase:PointCloud7r4024240bin:7
[2020-02-22T14:28:54.157] [INFO] INFO - hbase:PointCloudr402426[26]bin:3
[2020-02-22T14:28:54.178] [INFO] INFO - hbase:PointCloud7r4024206bin:38
[2020-02-22T14:28:54.407] [INFO] INFO - hbase:PointCloudr402462[26]bin:2
[2020-02-22T14:28:54.496] [INFO] INFO - hbase:PointCloudr402422[46]bin:355
[2020-02-22T14:28:54.624] [INFO] INFO - hbase:PointCloudr402600[04]bin:84
[2020-02-22T14:28:54.744] [INFO] INFO - hbase:PointCloudr402604[04]bin:9
[2020-02-22T14:28:54.917] [INFO] INFO - hbase:PointCloud7r4026400bin:3
[2020-02-22T14:28:55.479] [INFO] INFO - hbase:PointCloudr4024240[26]bin:24
[2020-02-22T14:28:55.545] [INFO] INFO - hbase:PointCloud8r40242066bin:450
[2020-02-22T14:28:55.784] [INFO] INFO - hbase:PointCloud8r40242442bin:8
[2020-02-22T14:28:55.893] [INFO] INFO - hbase:PointCloudr4024224[246]bin:604
[2020-02-22T14:28:55.954] [INFO] INFO - hbase:PointCloudr4024242[0246]bin:7
[2020-02-22T14:28:56.764] [INFO] INFO - hbase:PointCloudr4024602[026]bin:9
[2020-02-22T14:28:56.817] [INFO] INFO - hbase:PointCloud8r40246200bin:3
[2020-02-22T14:28:56.931] [INFO] INFO - hbase:PointCloudr4024260[0246]bin:446
[2020-02-22T14:28:56.950] [INFO] INFO - hbase:PointCloudr4024246[0246]bin:550
[2020-02-22T14:28:57.005] [INFO] INFO - hbase:PointCloudr4024264[0246]bin:5
[2020-02-22T14:29:04.293] [INFO] INFO - hbase:PointCloud6r402066bin:3
[2020-02-22T14:29:04.295] [INFO] INFO - hbase:PointCloud5r40222bin:4
[2020-02-22T14:29:04.299] [INFO] INFO - hbase:PointCloud7r4024022bin:4
[2020-02-22T14:29:04.295] [INFO] INFO - hbase:PointCloudr40224[24]bin:5
[2020-02-22T14:29:04.324] [INFO] INFO - hbase:PointCloudr402422[02]bin:3
[2020-02-22T14:29:04.343] [INFO] INFO - hbase:PointCloud8r40206446bin:5
[2020-02-22T14:29:04.322] [INFO] INFO - hbase:PointCloudr402064[46]bin:32
[2020-02-22T14:29:04.324] [INFO] INFO - hbase:PointCloudr402066[246]bin:29
[2020-02-22T14:29:04.353] [INFO] INFO - hbase:PointCloudr402420[024]bin:50
[2020-02-22T14:29:04.368] [INFO] INFO - hbase:PointCloudr402244[04]bin:73
[2020-02-22T14:29:05.389] [INFO] INFO - hbase:PointCloudr4024200[0246]bin:24
[2020-02-22T14:29:05.452] [INFO] INFO - hbase:PointCloudr4024202[0246]bin:7
[2020-02-22T14:29:05.723] [INFO] INFO - hbase:PointCloudr4024204[26]bin:8
[2020-02-22T14:29:05.792] [INFO] INFO - hbase:PointCloudr4020646[246]bin:732
[2020-02-22T14:29:05.858] [INFO] INFO - hbase:PointCloudr4020664[046]bin:13
[2020-02-22T14:29:05.889] [INFO] INFO - hbase:PointCloudr4024206[024]bin:10
[2020-02-22T14:29:06.042] [INFO] INFO - hbase:PointCloudr4024220[0246]bin:7
[2020-02-22T14:29:06.163] [INFO] INFO - hbase:PointCloud8r40242240bin:4
[2020-02-22T14:29:18.556] [INFO] INFO - hbase:PointCloud8r40206426bin:6
[2020-02-22T14:29:18.553] [INFO] INFO - hbase:PointCloud7r4020660bin:3
[2020-02-22T14:29:18.553] [INFO] INFO - hbase:PointCloud7r4020642bin:3
[2020-02-22T14:29:18.553] [INFO] INFO - hbase:PointCloud8r40206460bin:3
[2020-02-22T14:29:18.558] [INFO] INFO - hbase:PointCloud8r40206604bin:4
[2020-02-22T14:29:18.558] [INFO] INFO - hbase:PointCloud8r40206642bin:4
[2020-02-22T14:29:18.552] [INFO] INFO - hbase:PointCloudr402600[26]bin:2
[2020-02-22T14:29:18.570] [INFO] INFO - hbase:PointCloudr4020666[046]bin:15
[2020-02-22T14:29:18.577] [INFO] INFO - hbase:PointCloudr4024222[024]bin:5
[2020-02-22T14:29:20.469] [INFO] INFO - hbase:PointCloud5r42040bin:4
[2020-02-22T14:29:20.487] [INFO] INFO - hbase:PointCloud6r402264bin:2
[2020-02-22T14:29:20.485] [INFO] INFO - hbase:PointCloud6r402062bin:2
[2020-02-22T14:29:20.488] [INFO] INFO - hbase:PointCloud6r402620bin:3
[2020-02-22T14:29:20.493] [INFO] INFO - hbase:PointCloud7r4020660bin:3
[2020-02-22T14:29:20.487] [INFO] INFO - hbase:PointCloud6r402240bin:2
[2020-02-22T14:29:20.497] [INFO] INFO - hbase:PointCloudr402244[26]bin:2
[2020-02-22T14:29:20.496] [INFO] INFO - hbase:PointCloudr402062[246]bin:6
[2020-02-22T14:29:20.525] [INFO] INFO - hbase:PointCloudr402240[46]bin:29
[2020-02-22T14:29:20.543] [INFO] INFO - hbase:PointCloudr402246[04]bin:34
[2020-02-22T14:29:20.633] [INFO] INFO - hbase:PointCloud7r4026002bin:3
[2020-02-22T14:29:20.646] [INFO] INFO - hbase:PointCloud8r40206226bin:11
[2020-02-22T14:29:20.722] [INFO] INFO - hbase:PointCloudr4020624[26]bin:5
[2020-02-22T14:29:20.725] [INFO] INFO - hbase:PointCloudr4020626[0246]bin:4
[2020-02-22T14:29:20.814] [INFO] INFO - hbase:PointCloudr4020660[246]bin:4
[2020-02-22T14:29:20.925] [INFO] INFO - hbase:PointCloudr4020662[0246]bin:5
[2020-02-22T14:29:21.017] [INFO] INFO - hbase:PointCloud8r40206662bin:2
[2020-02-22T14:29:21.121] [INFO] INFO - hbase:PointCloudr4022404[0246]bin:7
[2020-02-22T14:29:21.218] [INFO] INFO - hbase:PointCloud8r40224064bin:3
[2020-02-22T14:29:21.435] [INFO] INFO - hbase:PointCloudr4022440[0246]bin:35
[2020-02-22T14:29:21.863] [INFO] INFO - hbase:PointCloudr4022442[04]bin:8
[2020-02-22T14:29:22.324] [INFO] INFO - hbase:PointCloud8r40224440bin:4
[2020-02-22T14:29:23.629] [INFO] INFO - hbase:PointCloud5r40220bin:3
[2020-02-22T14:29:23.654] [INFO] INFO - hbase:PointCloud5r42004bin:4
[2020-02-22T14:29:23.664] [INFO] INFO - hbase:PointCloudr40220[46]bin:4
[2020-02-22T14:29:23.688] [INFO] INFO - hbase:PointCloudr402204[26]bin:3
[2020-02-22T14:29:23.688] [INFO] INFO - hbase:PointCloudr402206[46]bin:3
[2020-02-22T14:29:23.703] [INFO] INFO - hbase:PointCloudr402240[02]bin:2
[2020-02-22T14:29:23.688] [INFO] INFO - hbase:PointCloudr40226[026]bin:3
[2020-02-22T14:29:23.733] [INFO] INFO - hbase:PointCloudr402246[024]bin:3
[2020-02-22T14:29:23.712] [INFO] INFO - hbase:PointCloudr402242[0246]bin:11
[2020-02-22T14:29:23.770] [INFO] INFO - hbase:PointCloudr402260[046]bin:6
[2020-02-22T14:29:24.037] [INFO] INFO - hbase:PointCloud7r4022640bin:2
[2020-02-22T14:29:24.126] [INFO] INFO - hbase:PointCloudr4022046[0246]bin:6
[2020-02-22T14:29:24.181] [INFO] INFO - hbase:PointCloudr4022064[046]bin:41
[2020-02-22T14:29:24.323] [INFO] INFO - hbase:PointCloudr4022402[0246]bin:8
[2020-02-22T14:29:24.349] [INFO] INFO - hbase:PointCloud8r40220664bin:119
[2020-02-22T14:29:24.381] [INFO] INFO - hbase:PointCloudr4022400[26]bin:5
[2020-02-22T14:29:24.493] [INFO] INFO - hbase:PointCloud8r40224042bin:3
[2020-02-22T14:29:24.757] [INFO] INFO - hbase:PointCloudr4022406[026]bin:6
[2020-02-22T14:29:24.776] [INFO] INFO - hbase:PointCloudr4022420[0246]bin:7
[2020-02-22T14:29:24.846] [INFO] INFO - hbase:PointCloudr4022422[024]bin:7
[2020-02-22T14:29:24.953] [INFO] INFO - hbase:PointCloudr4022424[02]bin:26
[2020-02-22T14:29:27.805] [INFO] INFO - Connection closed
[2020-02-22T14:29:36.159] [INFO] INFO - hbase:PointCloud7r4022644bin:4
[2020-02-22T14:29:36.161] [INFO] INFO - hbase:PointCloud7r4022466bin:6
[2020-02-22T14:29:36.161] [INFO] INFO - hbase:PointCloud8r40220642bin:6
[2020-02-22T14:29:36.161] [INFO] INFO - hbase:PointCloud8r40224226bin:5
[2020-02-22T14:29:36.160] [INFO] INFO - hbase:PointCloud8r40224246bin:5
[2020-02-22T14:29:36.162] [INFO] INFO - hbase:PointCloud7r4022062bin:7
[2020-02-22T14:29:36.182] [INFO] INFO - hbase:PointCloud5r40220bin:41
[2020-02-22T14:29:36.163] [INFO] INFO - hbase:PointCloudr4022066[06]bin:8
[2020-02-22T14:29:36.441] [INFO] INFO - hbase:PointCloud8r40226044bin:6
[2020-02-22T14:29:36.557] [INFO] INFO - hbase:PointCloudr4022426[0246]bin:360
[2020-02-22T14:29:38.273] [INFO] INFO - hbase:PointCloud5r40202bin:3
[2020-02-22T14:29:38.277] [INFO] INFO - hbase:PointCloud6r402026bin:3
[2020-02-22T14:29:38.277] [INFO] INFO - hbase:PointCloud5r40220bin:3
[2020-02-22T14:29:38.284] [INFO] INFO - hbase:PointCloud6r402202bin:4
[2020-02-22T14:29:38.294] [INFO] INFO - hbase:PointCloud7r4022060bin:5
[2020-02-22T14:29:38.298] [INFO] INFO - hbase:PointCloudr402204[04]bin:12
[2020-02-22T14:29:38.283] [INFO] INFO - hbase:PointCloudr40222[04]bin:3
[2020-02-22T14:29:38.312] [INFO] INFO - hbase:PointCloud7r4022204bin:4
[2020-02-22T14:29:38.288] [INFO] INFO - hbase:PointCloudr402202[46]bin:3
[2020-02-22T14:29:38.455] [INFO] INFO - hbase:PointCloudr402224[046]bin:6
[2020-02-22T14:29:38.568] [INFO] INFO - hbase:PointCloud7r4022602bin:3
[2020-02-22T14:29:38.727] [INFO] INFO - New connection
[2020-02-22T14:29:39.400] [INFO] INFO - hbase:PointCloud8r40220246bin:4
[2020-02-22T14:29:39.875] [INFO] INFO - hbase:PointCloudr4022026[46]bin:5
[2020-02-22T14:29:39.900] [INFO] INFO - hbase:PointCloudr4022060[026]bin:6
[2020-02-22T14:29:40.013] [INFO] INFO - hbase:PointCloud5r40202bin:2
[2020-02-22T14:29:40.021] [INFO] INFO - hbase:PointCloud6r402026bin:6
[2020-02-22T14:29:40.040] [INFO] INFO - hbase:PointCloud7r4022044bin:6
[2020-02-22T14:29:40.044] [INFO] INFO - hbase:PointCloud7r4022602bin:3
[2020-02-22T14:29:40.023] [INFO] INFO - hbase:PointCloudr40222[04]bin:4
[2020-02-22T14:29:40.040] [INFO] INFO - hbase:PointCloudr402202[46]bin:5
[2020-02-22T14:29:40.049] [INFO] INFO - hbase:PointCloudr4022024[46]bin:4
[2020-02-22T14:29:40.058] [INFO] INFO - hbase:PointCloudr4022060[026]bin:12
[2020-02-22T14:29:40.049] [INFO] INFO - hbase:PointCloudr402224[046]bin:9
[2020-02-22T14:29:40.199] [INFO] INFO - hbase:PointCloudr4022066[26]bin:4
[2020-02-22T14:29:40.257] [INFO] INFO - hbase:PointCloudr4022240[46]bin:7
[2020-02-22T14:29:40.226] [INFO] INFO - hbase:PointCloudr4022062[0246]bin:37
[2020-02-22T14:29:40.804] [INFO] INFO - hbase:PointCloudr4022246[04]bin:4
[2020-02-22T14:29:40.703] [INFO] INFO - hbase:PointCloudr4022244[0246]bin:53
[2020-02-22T14:29:46.462] [INFO] INFO - hbase:PointCloud6r402622bin:2
[2020-02-22T14:29:46.458] [INFO] INFO - hbase:PointCloudr40222[26]bin:3
[2020-02-22T14:29:46.483] [INFO] INFO - hbase:PointCloud7r4022642bin:2
[2020-02-22T14:29:46.478] [INFO] INFO - hbase:PointCloud7r4022242bin:3
[2020-02-22T14:29:46.480] [INFO] INFO - hbase:PointCloud6r420044bin:5
[2020-02-22T14:29:46.495] [INFO] INFO - hbase:PointCloud6r420400bin:3
[2020-02-22T14:29:46.509] [INFO] INFO - hbase:PointCloud7r4200440bin:3
[2020-02-22T14:29:46.495] [INFO] INFO - hbase:PointCloudr402266[02]bin:10
[2020-02-22T14:29:46.479] [INFO] INFO - hbase:PointCloudr402226[0246]bin:4
[2020-02-22T14:29:46.486] [INFO] INFO - hbase:PointCloudr402262[0246]bin:6
[2020-02-22T14:29:46.616] [INFO] INFO - hbase:PointCloud8r40222406bin:6
[2020-02-22T14:29:46.669] [INFO] INFO - hbase:PointCloudr4022242[46]bin:4
[2020-02-22T14:29:47.205] [INFO] INFO - hbase:PointCloud8r40222442bin:5
[2020-02-22T14:29:47.532] [INFO] INFO - hbase:PointCloudr4022246[26]bin:2
[2020-02-22T14:29:47.535] [INFO] INFO - hbase:PointCloudr4022264[02456]bin:5
[2020-02-22T14:29:48.512] [INFO] INFO - hbase:PointCloudr4022266[46]bin:4
[2020-02-22T14:29:48.991] [INFO] INFO - hbase:PointCloud8r40226022bin:7
[2020-02-22T14:29:49.626] [INFO] INFO - hbase:PointCloudr4022620[02]bin:31
[2020-02-22T14:29:49.804] [INFO] INFO - hbase:PointCloudr4022622[02]bin:4
[2020-02-22T14:29:52.845] [INFO] INFO - Connection closed
[2020-02-22T14:29:58.843] [INFO] INFO - hbase:PointCloud8r40226206bin:3
[2020-02-22T14:29:58.844] [INFO] INFO - hbase:PointCloud8r40222624bin:4
[2020-02-22T14:29:58.846] [INFO] INFO - hbase:PointCloud6r402226bin:6
[2020-02-22T14:29:58.844] [INFO] INFO - hbase:PointCloudr4022266[02]bin:4
[2020-02-22T14:29:58.850] [INFO] INFO - hbase:PointCloudr4022622[46]bin:5
[2020-02-22T14:29:58.844] [INFO] INFO - hbase:PointCloudr4022260[246]bin:4
[2020-02-22T14:30:00.291] [INFO] INFO - hbase:PointCloud5r42006bin:2
[2020-02-22T14:30:00.322] [INFO] INFO - hbase:PointCloudr42006[04]bin:2
[2020-02-22T14:30:00.328] [INFO] INFO - hbase:PointCloudr42042[04]bin:3
[2020-02-22T14:30:00.318] [INFO] INFO - hbase:PointCloudr4204[246]bin:3
[2020-02-22T14:30:00.318] [INFO] INFO - hbase:PointCloudr42004[026]bin:3
[2020-02-22T14:30:00.329] [INFO] INFO - hbase:PointCloudr42040[246]bin:4
[2020-02-22T14:30:00.346] [INFO] INFO - hbase:PointCloudr420042[0246]bin:6
[2020-02-22T14:30:00.356] [INFO] INFO - hbase:PointCloudr420040[0246]bin:15
[2020-02-22T14:30:00.379] [INFO] INFO - hbase:PointCloudr420044[246]bin:7
[2020-02-22T14:30:00.558] [INFO] INFO - hbase:PointCloudr420046[0246]bin:3
[2020-02-22T14:30:00.696] [INFO] INFO - hbase:PointCloud7r4200604bin:3
[2020-02-22T14:30:00.811] [INFO] INFO - hbase:PointCloudr420064[04]bin:2
[2020-02-22T14:30:01.008] [INFO] INFO - hbase:PointCloudr420402[02]bin:3
[2020-02-22T14:30:01.043] [INFO] INFO - hbase:PointCloud7r4204200bin:3
[2020-02-22T14:30:01.366] [INFO] INFO - hbase:PointCloud8r42004026bin:2
[2020-02-22T14:30:01.467] [INFO] INFO - hbase:PointCloudr4200406[26]bin:2
[2020-02-22T14:30:01.628] [INFO] INFO - hbase:PointCloudr4200420[0246]bin:3
[2020-02-22T14:30:01.964] [INFO] INFO - hbase:PointCloudr4200422[046]bin:3
[2020-02-22T14:30:02.050] [INFO] INFO - hbase:PointCloudr4200424[0246]bin:5
[2020-02-22T14:30:02.078] [INFO] INFO - hbase:PointCloudr4200426[0246]bin:3
[2020-02-22T14:30:02.406] [INFO] INFO - hbase:PointCloudr4200460[02]bin:66
[2020-02-22T14:30:02.440] [INFO] INFO - hbase:PointCloudr4200462[0246]bin:10
[2020-02-22T14:30:02.506] [INFO] INFO - New connection
[2020-02-22T14:30:02.562] [INFO] INFO - hbase:PointCloudr4200604[04]bin:2
[2020-02-22T14:30:02.666] [INFO] INFO - hbase:PointCloudr4200640[04]bin:2
[2020-02-22T14:30:05.534] [INFO] INFO - Connection closed
[2020-02-22T14:30:10.735] [INFO] INFO - New connection
[2020-02-22T14:30:39.163] [INFO] INFO - hbase:PointCloud8r42000664bin:3
[2020-02-22T14:30:39.165] [INFO] INFO - hbase:PointCloud8r42000646bin:5
[2020-02-22T14:30:39.169] [INFO] INFO - hbase:PointCloud8r42004222bin:3
[2020-02-22T14:30:39.163] [INFO] INFO - hbase:PointCloud6r420006bin:3
[2020-02-22T14:30:39.171] [INFO] INFO - hbase:PointCloud8r42004060bin:6
[2020-02-22T14:30:39.184] [INFO] INFO - hbase:PointCloud5r42000bin:3
[2020-02-22T14:30:39.163] [INFO] INFO - hbase:PointCloudr420006[46]bin:3
[2020-02-22T14:30:39.167] [INFO] INFO - hbase:PointCloudr4200402[24]bin:7
[2020-02-22T14:30:39.164] [INFO] INFO - hbase:PointCloudr420044[246]bin:4
[2020-02-22T14:30:44.408] [INFO] INFO - hbase:PointCloud7r4200024bin:3
[2020-02-22T14:30:44.412] [INFO] INFO - hbase:PointCloud7r4200060bin:2
[2020-02-22T14:30:44.408] [INFO] INFO - hbase:PointCloudr42000[24]bin:3
[2020-02-22T14:30:44.418] [INFO] INFO - hbase:PointCloudr4200040[246]bin:3
[2020-02-22T14:30:44.419] [INFO] INFO - hbase:PointCloudr4200042[0246]bin:3
[2020-02-22T14:30:44.427] [INFO] INFO - hbase:PointCloudr4200044[026]bin:6
[2020-02-22T14:30:44.410] [INFO] INFO - hbase:PointCloudr420004[0246]bin:5
[2020-02-22T14:30:44.427] [INFO] INFO - hbase:PointCloudr4200046[0246]bin:2
[2020-02-22T14:30:44.446] [INFO] INFO - hbase:PointCloudr4200024[46]bin:3
[2020-02-22T14:30:44.479] [INFO] INFO - hbase:PointCloudr4200060[0246]bin:14
[2020-02-22T14:30:44.783] [INFO] INFO - hbase:PointCloudr4200064[024]bin:3
[2020-02-22T14:30:53.933] [INFO] INFO - hbase:PointCloud5r04646bin:3
[2020-02-22T14:30:53.962] [INFO] INFO - hbase:PointCloud6r402022bin:2
[2020-02-22T14:30:53.935] [INFO] INFO - hbase:PointCloudr04646[26]bin:5
[2020-02-22T14:30:53.947] [INFO] INFO - hbase:PointCloudr04666[04]bin:2
[2020-02-22T14:30:53.963] [INFO] INFO - hbase:PointCloud6r402200bin:3
[2020-02-22T14:30:53.975] [INFO] INFO - hbase:PointCloudr046604[46]bin:3
[2020-02-22T14:30:53.945] [INFO] INFO - hbase:PointCloudr04664[0246]bin:5
[2020-02-22T14:30:54.001] [INFO] INFO - hbase:PointCloudr046466[26]bin:35
[2020-02-22T14:30:53.987] [INFO] INFO - hbase:PointCloudr046462[246]bin:27
[2020-02-22T14:30:53.992] [INFO] INFO - hbase:PointCloudr046640[0246]bin:5
[2020-02-22T14:30:54.562] [INFO] INFO - hbase:PointCloudr046642[04]bin:3
[2020-02-22T14:30:54.694] [INFO] INFO - hbase:PointCloudr046644[0246]bin:4
[2020-02-22T14:30:54.768] [INFO] INFO - hbase:PointCloudr046646[04]bin:3
[2020-02-22T14:30:54.838] [INFO] INFO - hbase:PointCloud7r4020222bin:3
[2020-02-22T14:30:54.838] [INFO] INFO - hbase:PointCloudr402200[026]bin:3
[2020-02-22T14:30:55.033] [INFO] INFO - hbase:PointCloud7r4022020bin:3
[2020-02-22T14:30:55.138] [INFO] INFO - hbase:PointCloudr0464626[026]bin:7
[2020-02-22T14:30:55.440] [INFO] INFO - hbase:PointCloudr0464662[26]bin:30
[2020-02-22T14:31:04.417] [INFO] INFO - hbase:PointCloud4r4406bin:3
[2020-02-22T14:31:04.419] [INFO] INFO - hbase:PointCloud3r446bin:5
[2020-02-22T14:31:04.431] [INFO] INFO - hbase:PointCloudr4426[04]bin:6
[2020-02-22T14:31:04.417] [INFO] INFO - hbase:PointCloudr442[46]bin:3
[2020-02-22T14:31:04.422] [INFO] INFO - hbase:PointCloudr4406[26]bin:2
[2020-02-22T14:31:04.417] [INFO] INFO - hbase:PointCloudr46[04]bin:3
[2020-02-22T14:31:04.441] [INFO] INFO - hbase:PointCloudr4460[02]bin:15
[2020-02-22T14:31:04.444] [INFO] INFO - hbase:PointCloudr446[02]bin:2
[2020-02-22T14:31:04.473] [INFO] INFO - hbase:PointCloudr44062[26]bin:7
[2020-02-22T14:31:04.427] [INFO] INFO - hbase:PointCloudr4424[0246]bin:7
[2020-02-22T14:31:04.592] [INFO] INFO - hbase:PointCloud6r440662bin:3
[2020-02-22T14:31:04.719] [INFO] INFO - hbase:PointCloudr44240[0246]bin:5
[2020-02-22T14:31:04.767] [INFO] INFO - hbase:PointCloudr44242[0246]bin:6
[2020-02-22T14:31:05.098] [INFO] INFO - hbase:PointCloudr44244[0246]bin:3
[2020-02-22T14:31:05.519] [INFO] INFO - hbase:PointCloud6r442460bin:4
[2020-02-22T14:31:05.636] [INFO] INFO - hbase:PointCloud7r4406622bin:2
[2020-02-22T14:31:05.637] [INFO] INFO - hbase:PointCloudr440626[26]bin:2
[2020-02-22T14:31:06.397] [INFO] INFO - hbase:PointCloudr442400[246]bin:3
[2020-02-22T14:31:06.546] [INFO] INFO - hbase:PointCloudr442404[0246]bin:6
[2020-02-22T14:31:06.540] [INFO] INFO - hbase:PointCloudr442402[0246]bin:5
[2020-02-22T14:31:07.011] [INFO] INFO - hbase:PointCloudr442406[0246]bin:36
[2020-02-22T14:31:07.373] [INFO] INFO - hbase:PointCloudr442440[02]bin:3
[2020-02-22T14:31:07.678] [INFO] INFO - hbase:PointCloud7r4424420bin:4
[2020-02-22T14:31:08.339] [INFO] INFO - hbase:PointCloud8r44240064bin:4
[2020-02-22T14:31:08.494] [INFO] INFO - hbase:PointCloud8r44240402bin:3
[2020-02-22T14:31:10.680] [INFO] INFO - Connection closed
[2020-02-22T14:31:11.080] [INFO] INFO - Connection closed
[2020-02-22T14:31:13.013] [INFO] INFO - hbase:PointCloud3r446bin:3
[2020-02-22T14:31:13.088] [INFO] INFO - hbase:PointCloud6r440626bin:3
[2020-02-22T14:31:13.088] [INFO] INFO - hbase:PointCloud6r440666bin:3
[2020-02-22T14:31:13.094] [INFO] INFO - hbase:PointCloud7r4406226bin:5
[2020-02-22T14:31:13.072] [INFO] INFO - hbase:PointCloudr46[04]bin:3
[2020-02-22T14:31:13.103] [INFO] INFO - hbase:PointCloud7r4406620bin:3
[2020-02-22T14:31:13.099] [INFO] INFO - hbase:PointCloudr440626[04]bin:9
[2020-02-22T14:31:13.118] [INFO] INFO - hbase:PointCloud7r4424000bin:3
[2020-02-22T14:31:13.199] [INFO] INFO - hbase:PointCloudr442402[04]bin:2
[2020-02-22T14:31:13.238] [INFO] INFO - hbase:PointCloud8r44062622bin:3
[2020-02-22T14:31:13.237] [INFO] INFO - hbase:PointCloud8r44240040bin:3
[2020-02-22T14:31:14.672] [INFO] INFO - hbase:PointCloud3r444bin:2
[2020-02-22T14:31:14.693] [INFO] INFO - hbase:PointCloud4r4442bin:3
[2020-02-22T14:31:14.698] [INFO] INFO - hbase:PointCloud5r44422bin:3
[2020-02-22T14:31:14.698] [INFO] INFO - hbase:PointCloud5r44060bin:3
[2020-02-22T14:31:14.704] [INFO] INFO - hbase:PointCloudr44062[04]bin:7
[2020-02-22T14:31:14.726] [INFO] INFO - hbase:PointCloud7r4406206bin:6
[2020-02-22T14:31:14.692] [INFO] INFO - hbase:PointCloudr46[04]bin:2
[2020-02-22T14:31:14.698] [INFO] INFO - hbase:PointCloudr44066[04]bin:3
[2020-02-22T14:31:14.813] [INFO] INFO - hbase:PointCloudr440622[024]bin:3
[2020-02-22T14:31:14.840] [INFO] INFO - hbase:PointCloudr440624[0246]bin:5
[2020-02-22T14:31:14.942] [INFO] INFO - hbase:PointCloudr440626[04]bin:2
[2020-02-22T14:31:15.093] [INFO] INFO - hbase:PointCloud7r4406602bin:3
[2020-02-22T14:31:15.159] [INFO] INFO - hbase:PointCloud7r4406620bin:3
[2020-02-22T14:31:15.313] [INFO] INFO - hbase:PointCloud7r4424000bin:3
[2020-02-22T14:31:15.472] [INFO] INFO - hbase:PointCloud8r44062244bin:3
[2020-02-22T14:31:15.968] [INFO] INFO - hbase:PointCloud8r44062422bin:4
[2020-02-22T14:31:16.240] [INFO] INFO - New connection
[2020-02-22T14:31:17.458] [INFO] INFO - hbase:PointCloud4r4402bin:3
[2020-02-22T14:31:17.458] [INFO] INFO - hbase:PointCloudr4402[46]bin:3
[2020-02-22T14:31:17.459] [INFO] INFO - hbase:PointCloudr442[02]bin:4
[2020-02-22T14:31:17.463] [INFO] INFO - hbase:PointCloudr4420[46]bin:3
[2020-02-22T14:31:17.491] [INFO] INFO - hbase:PointCloudr44062[04]bin:5
[2020-02-22T14:31:17.468] [INFO] INFO - hbase:PointCloudr44026[0246]bin:3
[2020-02-22T14:31:17.530] [INFO] INFO - hbase:PointCloudr440262[46]bin:5
[2020-02-22T14:31:17.504] [INFO] INFO - hbase:PointCloudr44204[0246]bin:4
[2020-02-22T14:31:17.625] [INFO] INFO - hbase:PointCloudr440264[246]bin:5
[2020-02-22T14:31:17.721] [INFO] INFO - hbase:PointCloudr440266[0246]bin:5
[2020-02-22T14:31:17.783] [INFO] INFO - hbase:PointCloudr440620[026]bin:3
[2020-02-22T14:31:17.837] [INFO] INFO - hbase:PointCloudr440622[24]bin:2
[2020-02-22T14:31:18.028] [INFO] INFO - hbase:PointCloud7r4420404bin:3
[2020-02-22T14:31:18.057] [INFO] INFO - hbase:PointCloudr442044[04]bin:2
[2020-02-22T14:31:18.166] [INFO] INFO - hbase:PointCloud8r44026600bin:2
[2020-02-22T14:31:18.181] [INFO] INFO - hbase:PointCloud8r44026426bin:25
[2020-02-22T14:31:22.901] [INFO] INFO - New connection
[2020-02-22T14:31:28.192] [INFO] INFO - hbase:PointCloud5r44224bin:3
[2020-02-22T14:31:28.199] [INFO] INFO - hbase:PointCloud8r44026646bin:3
[2020-02-22T14:31:28.204] [INFO] INFO - hbase:PointCloud8r44026626bin:2
[2020-02-22T14:31:28.192] [INFO] INFO - hbase:PointCloud6r442064bin:3
[2020-02-22T14:31:28.220] [INFO] INFO - hbase:PointCloud8r44062242bin:3
[2020-02-22T14:31:28.197] [INFO] INFO - hbase:PointCloudr442044[26]bin:8
[2020-02-22T14:31:28.220] [INFO] INFO - hbase:PointCloudr4406220[26]bin:9
[2020-02-22T14:31:28.193] [INFO] INFO - hbase:PointCloudr442046[04]bin:4
[2020-02-22T14:31:28.203] [INFO] INFO - hbase:PointCloudr4406222[0246]bin:3
[2020-02-22T14:31:28.229] [INFO] INFO - hbase:PointCloudr4402666[0246]bin:5
[2020-02-22T14:31:28.446] [INFO] INFO - hbase:PointCloudr4406226[02]bin:2
[2020-02-22T14:31:28.563] [INFO] INFO - hbase:PointCloudr4420440[46]bin:23
[2020-02-22T14:31:28.588] [INFO] INFO - hbase:PointCloud8r44204424bin:3
[2020-02-22T14:31:28.673] [INFO] INFO - hbase:PointCloudr4420444[0246]bin:8
[2020-02-22T14:31:29.054] [INFO] INFO - hbase:PointCloudr4420446[04]bin:4
[2020-02-22T14:31:29.130] [INFO] INFO - hbase:PointCloudr4424000[0246]bin:6
[2020-02-22T14:31:29.963] [INFO] INFO - hbase:PointCloud5r44224bin:3
[2020-02-22T14:31:30.006] [INFO] INFO - hbase:PointCloud6r442064bin:6
[2020-02-22T14:31:30.042] [INFO] INFO - hbase:PointCloud7r4420446bin:2
[2020-02-22T14:31:30.077] [INFO] INFO - hbase:PointCloud8r44026624bin:2
[2020-02-22T14:31:30.094] [INFO] INFO - hbase:PointCloud8r44026642bin:4
[2020-02-22T14:31:30.098] [INFO] INFO - hbase:PointCloud8r44062202bin:3
[2020-02-22T14:31:30.103] [INFO] INFO - hbase:PointCloud8r44062220bin:2
[2020-02-22T14:31:30.102] [INFO] INFO - hbase:PointCloud8r44062242bin:2
[2020-02-22T14:31:30.097] [INFO] INFO - hbase:PointCloudr4402666[24]bin:2
[2020-02-22T14:31:30.125] [INFO] INFO - hbase:PointCloud8r44062260bin:2
[2020-02-22T14:31:30.142] [INFO] INFO - hbase:PointCloud8r44204406bin:5
[2020-02-22T14:31:30.203] [INFO] INFO - hbase:PointCloudr4420444[0246]bin:3
[2020-02-22T14:31:30.246] [INFO] INFO - hbase:PointCloudr4424000[024]bin:3
[2020-02-22T14:31:32.728] [INFO] INFO - hbase:PointCloud8r44026466bin:3
[2020-02-22T14:31:32.738] [INFO] INFO - hbase:PointCloudr4402664[04]bin:4
[2020-02-22T14:31:32.769] [INFO] INFO - hbase:PointCloudr4406224[06]bin:2
[2020-02-22T14:31:32.756] [INFO] INFO - hbase:PointCloudr4406220[04]bin:2
[2020-02-22T14:31:32.743] [INFO] INFO - hbase:PointCloudr4406202[0246]bin:3
[2020-02-22T14:31:32.758] [INFO] INFO - hbase:PointCloudr4406206[0246]bin:4
[2020-02-22T14:31:34.436] [INFO] INFO - hbase:PointCloud7r4406204bin:2
[2020-02-22T14:31:34.447] [INFO] INFO - hbase:PointCloud8r44062442bin:7
[2020-02-22T14:31:34.441] [INFO] INFO - hbase:PointCloud6r440602bin:7
[2020-02-22T14:31:34.454] [INFO] INFO - hbase:PointCloud8r44062460bin:3
[2020-02-22T14:31:34.446] [INFO] INFO - hbase:PointCloudr4406240[26]bin:6
[2020-02-22T14:31:34.440] [INFO] INFO - hbase:PointCloudr4406204[246]bin:5
[2020-02-22T14:31:34.445] [INFO] INFO - hbase:PointCloudr4406242[046]bin:5
[2020-02-22T14:31:34.467] [INFO] INFO - hbase:PointCloudr4406260[04]bin:4
[2020-02-22T14:31:36.013] [INFO] INFO - hbase:PointCloud7r4406624bin:4
[2020-02-22T14:31:36.013] [INFO] INFO - hbase:PointCloud7r4406606bin:3
[2020-02-22T14:31:36.018] [INFO] INFO - hbase:PointCloud8r44062264bin:3
[2020-02-22T14:31:36.023] [INFO] INFO - hbase:PointCloud8r44062620bin:3
[2020-02-22T14:31:36.023] [INFO] INFO - hbase:PointCloudr4406260[026]bin:3
[2020-02-22T14:31:36.041] [INFO] INFO - hbase:PointCloudr4406264[02]bin:8
[2020-02-22T14:31:36.018] [INFO] INFO - hbase:PointCloudr4406246[246]bin:3
[2020-02-22T14:31:38.332] [INFO] INFO - hbase:PointCloud7r4406626bin:2
[2020-02-22T14:31:38.335] [INFO] INFO - hbase:PointCloud6r446000bin:5
[2020-02-22T14:31:38.333] [INFO] INFO - hbase:PointCloud6r444222bin:3
[2020-02-22T14:31:38.343] [INFO] INFO - hbase:PointCloud7r4424404bin:3
[2020-02-22T14:31:38.339] [INFO] INFO - hbase:PointCloudr440666[02]bin:4
[2020-02-22T14:31:38.356] [INFO] INFO - hbase:PointCloudr4406264[46]bin:2
[2020-02-22T14:31:38.348] [INFO] INFO - hbase:PointCloudr4406262[46]bin:3
[2020-02-22T14:31:38.394] [INFO] INFO - hbase:PointCloud8r44066220bin:5
[2020-02-22T14:31:38.353] [INFO] INFO - hbase:PointCloudr4406620[0246]bin:3
[2020-02-22T14:31:38.363] [INFO] INFO - hbase:PointCloudr4406266[0246]bin:8
[2020-02-22T14:31:38.602] [INFO] INFO - hbase:PointCloudr4424040[04]bin:2
[2020-02-22T14:31:38.841] [INFO] INFO - hbase:PointCloud8r44240440bin:31
[2020-02-22T14:31:43.464] [INFO] INFO - hbase:PointCloudr4406622[24]bin:4
[2020-02-22T14:31:43.464] [INFO] INFO - hbase:PointCloud7r4424440bin:4
[2020-02-22T14:31:43.468] [INFO] INFO - hbase:PointCloud8r44066240bin:3
[2020-02-22T14:31:43.462] [INFO] INFO - hbase:PointCloudr4406602[26]bin:2
[2020-02-22T14:31:45.014] [INFO] INFO - hbase:PointCloud8r44062446bin:4
[2020-02-22T14:31:45.013] [INFO] INFO - hbase:PointCloud7r4406664bin:3
[2020-02-22T14:31:45.013] [INFO] INFO - hbase:PointCloud7r4406642bin:3
[2020-02-22T14:31:45.019] [INFO] INFO - hbase:PointCloud5r44426bin:8
[2020-02-22T14:31:45.013] [INFO] INFO - hbase:PointCloudr4406602[04]bin:3
[2020-02-22T14:31:45.042] [INFO] INFO - hbase:PointCloudr4406624[24]bin:2
[2020-02-22T14:31:45.017] [INFO] INFO - hbase:PointCloudr4406606[026]bin:3
[2020-02-22T14:31:46.519] [INFO] INFO - hbase:PointCloud4r4446bin:4
[2020-02-22T14:31:46.529] [INFO] INFO - hbase:PointCloud5r44064bin:4
[2020-02-22T14:31:46.532] [INFO] INFO - hbase:PointCloud6r440606bin:7
[2020-02-22T14:31:46.543] [INFO] INFO - hbase:PointCloud6r440642bin:3
[2020-02-22T14:31:46.545] [INFO] INFO - hbase:PointCloud6r444220bin:5
[2020-02-22T14:31:46.547] [INFO] INFO - hbase:PointCloud7r4406422bin:3
[2020-02-22T14:31:46.549] [INFO] INFO - hbase:PointCloud7r4406640bin:9
[2020-02-22T14:31:46.544] [INFO] INFO - hbase:PointCloudr440660[04]bin:3
[2020-02-22T14:31:46.553] [INFO] INFO - hbase:PointCloudr440606[26]bin:13
[2020-02-22T14:31:46.588] [INFO] INFO - hbase:PointCloudr4406066[26]bin:3
[2020-02-22T14:31:46.683] [INFO] INFO - hbase:PointCloudr4406244[04]bin:3
[2020-02-22T14:31:46.682] [INFO] INFO - hbase:PointCloudr4406240[04]bin:2
[2020-02-22T14:31:46.714] [INFO] INFO - hbase:PointCloud8r44064222bin:3
[2020-02-22T14:31:46.804] [INFO] INFO - hbase:PointCloudr4406600[02]bin:4
[2020-02-22T14:31:48.758] [INFO] INFO - hbase:PointCloud6r440646bin:4
[2020-02-22T14:31:48.762] [INFO] INFO - hbase:PointCloud7r4406026bin:2
[2020-02-22T14:31:48.769] [INFO] INFO - hbase:PointCloud7r4406064bin:3
[2020-02-22T14:31:48.768] [INFO] INFO - hbase:PointCloud7r4406426bin:3
[2020-02-22T14:31:48.769] [INFO] INFO - hbase:PointCloud7r4406604bin:3
[2020-02-22T14:31:48.776] [INFO] INFO - hbase:PointCloud8r44060626bin:6
[2020-02-22T14:31:48.777] [INFO] INFO - hbase:PointCloud8r44062400bin:4
[2020-02-22T14:31:48.790] [INFO] INFO - hbase:PointCloudr4406066[0246]bin:9
[2020-02-22T14:31:50.063] [INFO] INFO - hbase:PointCloud4r4404bin:2
[2020-02-22T14:31:50.063] [INFO] INFO - hbase:PointCloud4r4464bin:3
[2020-02-22T14:31:50.077] [INFO] INFO - hbase:PointCloudr44064[04]bin:2
[2020-02-22T14:31:50.093] [INFO] INFO - hbase:PointCloud6r444224bin:8
[2020-02-22T14:31:50.081] [INFO] INFO - hbase:PointCloudr4442[04]bin:6
[2020-02-22T14:31:50.093] [INFO] INFO - hbase:PointCloudr440642[04]bin:2
[2020-02-22T14:31:50.093] [INFO] INFO - hbase:PointCloudr440640[246]bin:3
[2020-02-22T14:31:50.095] [INFO] INFO - hbase:PointCloudr440644[026]bin:5
[2020-02-22T14:31:50.099] [INFO] INFO - hbase:PointCloudr44420[0246]bin:14
[2020-02-22T14:31:50.121] [INFO] INFO - hbase:PointCloudr440646[0246]bin:3
[2020-02-22T14:31:50.288] [INFO] INFO - hbase:PointCloudr440664[04]bin:3
[2020-02-22T14:31:50.352] [INFO] INFO - hbase:PointCloud7r4442002bin:2
[2020-02-22T14:31:50.449] [INFO] INFO - hbase:PointCloudr444202[02]bin:4
[2020-02-22T14:31:50.543] [INFO] INFO - hbase:PointCloudr4406406[246]bin:3
[2020-02-22T14:31:50.809] [INFO] INFO - hbase:PointCloudr4406420[0246]bin:4
[2020-02-22T14:31:50.974] [INFO] INFO - hbase:PointCloudr4406424[0246]bin:4
[2020-02-22T14:31:51.692] [INFO] INFO - hbase:PointCloudr4406440[26]bin:3
[2020-02-22T14:31:51.983] [INFO] INFO - hbase:PointCloudr4406442[0246]bin:3
[2020-02-22T14:31:52.356] [INFO] INFO - hbase:PointCloud8r44064600bin:2
[2020-02-22T14:31:55.768] [INFO] INFO - hbase:PointCloud7r4406466bin:3
[2020-02-22T14:31:55.768] [INFO] INFO - hbase:PointCloud7r4406420bin:3
[2020-02-22T14:31:55.768] [INFO] INFO - hbase:PointCloud7r4406444bin:3
[2020-02-22T14:31:55.768] [INFO] INFO - hbase:PointCloud7r4406644bin:3
[2020-02-22T14:31:55.768] [INFO] INFO - hbase:PointCloudr440640[46]bin:4
[2020-02-22T14:31:55.773] [INFO] INFO - hbase:PointCloudr4406420[26]bin:7
[2020-02-22T14:31:55.745] [INFO] INFO - hbase:PointCloudr44420[246]bin:5
[2020-02-22T14:31:55.792] [INFO] INFO - hbase:PointCloudr4406424[02]bin:2
[2020-02-22T14:31:55.802] [INFO] INFO - hbase:PointCloudr444202[02]bin:4
[2020-02-22T14:31:55.807] [INFO] INFO - hbase:PointCloudr4406406[246]bin:3
[2020-02-22T14:31:56.203] [INFO] INFO - hbase:PointCloud8r44064406bin:3
[2020-02-22T14:31:56.501] [INFO] INFO - hbase:PointCloudr4406442[0246]bin:5
[2020-02-22T14:31:56.602] [INFO] INFO - hbase:PointCloud8r44064600bin:2
[2020-02-22T14:32:10.197] [INFO] INFO - hbase:PointCloud5r44046bin:8
[2020-02-22T14:32:10.197] [INFO] INFO - hbase:PointCloud6r444062bin:3
[2020-02-22T14:32:10.220] [INFO] INFO - hbase:PointCloud7r4404606bin:4
[2020-02-22T14:32:10.199] [INFO] INFO - hbase:PointCloudr444[04]bin:9
[2020-02-22T14:32:10.209] [INFO] INFO - hbase:PointCloudr4440[26]bin:19
[2020-02-22T14:32:10.211] [INFO] INFO - hbase:PointCloudr440464[246]bin:9
[2020-02-22T14:32:10.194] [INFO] INFO - hbase:PointCloudr44046[0246]bin:5
[2020-02-22T14:32:10.250] [INFO] INFO - hbase:PointCloudr440462[46]bin:3
[2020-02-22T14:32:10.198] [INFO] INFO - hbase:PointCloudr44402[0246]bin:4
[2020-02-22T14:32:10.229] [INFO] INFO - hbase:PointCloudr440466[0246]bin:3
[2020-02-22T14:32:10.448] [INFO] INFO - hbase:PointCloudr444020[26]bin:4
[2020-02-22T14:32:10.533] [INFO] INFO - hbase:PointCloudr444022[0246]bin:4
[2020-02-22T14:32:10.712] [INFO] INFO - hbase:PointCloud7r4442000bin:3
[2020-02-22T14:32:10.845] [INFO] INFO - hbase:PointCloudr4404624[246]bin:5
[2020-02-22T14:32:11.007] [INFO] INFO - hbase:PointCloud8r44046426bin:3
[2020-02-22T14:32:11.003] [INFO] INFO - hbase:PointCloudr4404626[04]bin:3
[2020-02-22T14:32:11.127] [INFO] INFO - hbase:PointCloudr4404646[0246]bin:6
[2020-02-22T14:32:11.324] [INFO] INFO - hbase:PointCloudr4404660[0246]bin:54
[2020-02-22T14:32:11.472] [INFO] INFO - hbase:PointCloudr4404662[04]bin:2
[2020-02-22T14:32:11.724] [INFO] INFO - hbase:PointCloudr4404664[024]bin:4
[2020-02-22T14:32:20.246] [INFO] INFO - hbase:PointCloud5r44044bin:2
[2020-02-22T14:32:20.271] [INFO] INFO - hbase:PointCloud7r4404640bin:2
[2020-02-22T14:32:20.274] [INFO] INFO - hbase:PointCloud6r444042bin:9
[2020-02-22T14:32:20.275] [INFO] INFO - hbase:PointCloud6r444060bin:10
[2020-02-22T14:32:20.256] [INFO] INFO - hbase:PointCloudr4440[04]bin:3
[2020-02-22T14:32:20.270] [INFO] INFO - hbase:PointCloudr44044[46]bin:5
[2020-02-22T14:32:20.302] [INFO] INFO - hbase:PointCloud7r4404446bin:4
[2020-02-22T14:32:20.281] [INFO] INFO - hbase:PointCloudr44400[026]bin:16
[2020-02-22T14:32:20.276] [INFO] INFO - hbase:PointCloudr440446[0246]bin:6
[2020-02-22T14:32:20.325] [INFO] INFO - hbase:PointCloudr444000[26]bin:31
[2020-02-22T14:32:20.639] [INFO] INFO - hbase:PointCloudr444002[0246]bin:5
[2020-02-22T14:32:20.774] [INFO] INFO - hbase:PointCloudr444006[02]bin:4
[2020-02-22T14:32:20.891] [INFO] INFO - hbase:PointCloudr444020[04]bin:2
[2020-02-22T14:32:21.154] [INFO] INFO - hbase:PointCloud8r44044606bin:20
[2020-02-22T14:32:21.152] [INFO] INFO - hbase:PointCloudr4404462[0246]bin:12
[2020-02-22T14:32:21.255] [INFO] INFO - hbase:PointCloudr4404464[0246]bin:6
[2020-02-22T14:32:21.362] [INFO] INFO - hbase:PointCloudr4404466[0246]bin:2
[2020-02-22T14:32:21.497] [INFO] INFO - hbase:PointCloudr4440002[26]bin:23
[2020-02-22T14:32:21.542] [INFO] INFO - hbase:PointCloudr4440020[024]bin:2
[2020-02-22T14:32:21.664] [INFO] INFO - hbase:PointCloud8r44400220bin:2
[2020-02-22T14:32:26.191] [INFO] INFO - hbase:PointCloud7r4440004bin:2
[2020-02-22T14:32:26.191] [INFO] INFO - hbase:PointCloud6r444004bin:2
[2020-02-22T14:32:26.197] [INFO] INFO - hbase:PointCloud7r4440400bin:3
[2020-02-22T14:32:26.194] [INFO] INFO - hbase:PointCloudr44404[04]bin:5
[2020-02-22T14:32:26.195] [INFO] INFO - hbase:PointCloudr4444[02]bin:6
[2020-02-22T14:32:26.207] [INFO] INFO - hbase:PointCloudr444004[024]bin:13
[2020-02-22T14:32:27.722] [INFO] INFO - hbase:PointCloud7r4440046bin:2
[2020-02-22T14:32:27.724] [INFO] INFO - hbase:PointCloud5r44444bin:4
[2020-02-22T14:32:27.723] [INFO] INFO - hbase:PointCloud6r444046bin:3
[2020-02-22T14:32:27.727] [INFO] INFO - hbase:PointCloudr444040[246]bin:7
[2020-02-22T14:32:27.728] [INFO] INFO - hbase:PointCloudr44440[02]bin:8
[2020-02-22T14:32:27.761] [INFO] INFO - hbase:PointCloud7r4440440bin:41
[2020-02-22T14:32:28.598] [INFO] INFO - hbase:PointCloud7r4440046bin:4
[2020-02-22T14:32:28.593] [INFO] INFO - hbase:PointCloud6r444064bin:4
[2020-02-22T14:32:28.594] [INFO] INFO - hbase:PointCloud5r44446bin:5
[2020-02-22T14:32:28.594] [INFO] INFO - hbase:PointCloud6r444046bin:5
[2020-02-22T14:32:28.597] [INFO] INFO - hbase:PointCloud6r444420bin:3
[2020-02-22T14:32:28.619] [INFO] INFO - hbase:PointCloud7r4440404bin:3
[2020-02-22T14:32:28.605] [INFO] INFO - hbase:PointCloudr444042[04]bin:5
[2020-02-22T14:32:28.628] [INFO] INFO - hbase:PointCloud7r4440064bin:4
[2020-02-22T14:32:28.592] [INFO] INFO - hbase:PointCloudr44440[04]bin:3
[2020-02-22T14:32:28.752] [INFO] INFO - hbase:PointCloud7r4440460bin:3
[2020-02-22T14:32:28.665] [INFO] INFO - hbase:PointCloudr444044[0246]bin:54
[2020-02-22T14:32:28.763] [INFO] INFO - hbase:PointCloud7r4444000bin:3
[2020-02-22T14:32:29.130] [INFO] INFO - hbase:PointCloudr4440400[0246]bin:6
[2020-02-22T14:32:29.201] [INFO] INFO - hbase:PointCloud8r44400446bin:396
[2020-02-22T14:32:29.429] [INFO] INFO - hbase:PointCloudr4440404[024]bin:9
[2020-02-22T14:32:30.313] [INFO] INFO - hbase:PointCloud5r44460bin:3
[2020-02-22T14:32:30.318] [INFO] INFO - hbase:PointCloud6r444066bin:3
[2020-02-22T14:32:30.323] [INFO] INFO - hbase:PointCloud6r444406bin:3
[2020-02-22T14:32:30.324] [INFO] INFO - hbase:PointCloudr444042[026]bin:4
[2020-02-22T14:32:30.340] [INFO] INFO - hbase:PointCloud7r4444002bin:10
[2020-02-22T14:32:30.344] [INFO] INFO - hbase:PointCloudr444060[04]bin:5
[2020-02-22T14:32:30.381] [INFO] INFO - hbase:PointCloud7r4444020bin:52
[2020-02-22T14:32:30.335] [INFO] INFO - hbase:PointCloudr444046[0246]bin:10
[2020-02-22T14:32:30.331] [INFO] INFO - hbase:PointCloudr444044[246]bin:6
[2020-02-22T14:32:30.430] [INFO] INFO - hbase:PointCloudr4440402[246]bin:4
[2020-02-22T14:32:30.494] [INFO] INFO - hbase:PointCloudr4440404[26]bin:4
[2020-02-22T14:32:30.705] [INFO] INFO - hbase:PointCloudr4440406[0246]bin:5
[2020-02-22T14:32:30.813] [INFO] INFO - hbase:PointCloudr4440440[0246]bin:8
[2020-02-22T14:32:30.982] [INFO] INFO - hbase:PointCloudr4440442[024]bin:8
[2020-02-22T14:32:31.177] [INFO] INFO - hbase:PointCloud6r444244bin:2
[2020-02-22T14:32:31.177] [INFO] INFO - hbase:PointCloud6r444066bin:2
[2020-02-22T14:32:31.183] [INFO] INFO - hbase:PointCloud6r444406bin:3
[2020-02-22T14:32:31.173] [INFO] INFO - hbase:PointCloudr4446[04]bin:4
[2020-02-22T14:32:31.188] [INFO] INFO - hbase:PointCloud6r444442bin:8
[2020-02-22T14:32:31.211] [INFO] INFO - hbase:PointCloud6r444460bin:15
[2020-02-22T14:32:31.185] [INFO] INFO - hbase:PointCloudr44442[246]bin:5
[2020-02-22T14:32:31.210] [INFO] INFO - hbase:PointCloud7r4440446bin:4
[2020-02-22T14:32:31.219] [INFO] INFO - hbase:PointCloudr444064[0246]bin:7
[2020-02-22T14:32:31.208] [INFO] INFO - hbase:PointCloudr444046[246]bin:3
[2020-02-22T14:32:31.306] [INFO] INFO - hbase:PointCloudr444400[26]bin:6
[2020-02-22T14:32:31.601] [INFO] INFO - hbase:PointCloudr444402[0246]bin:6
[2020-02-22T14:32:31.746] [INFO] INFO - hbase:PointCloudr444406[02]bin:21
[2020-02-22T14:32:31.889] [INFO] INFO - hbase:PointCloudr444420[024]bin:9
[2020-02-22T14:32:32.177] [INFO] INFO - hbase:PointCloudr4440446[37]bin:23
[2020-02-22T14:32:32.433] [INFO] INFO - hbase:PointCloud8r44404606bin:4
[2020-02-22T14:32:32.793] [INFO] INFO - hbase:PointCloudr4440462[0246]bin:23
[2020-02-22T14:32:32.844] [INFO] INFO - hbase:PointCloudr4446[24]bin:4
[2020-02-22T14:32:32.882] [INFO] INFO - hbase:PointCloud6r444066bin:3
[2020-02-22T14:32:32.917] [INFO] INFO - hbase:PointCloud6r444244bin:2
[2020-02-22T14:32:32.928] [INFO] INFO - hbase:PointCloud6r444406bin:3
[2020-02-22T14:32:32.945] [INFO] INFO - hbase:PointCloudr444046[26]bin:2
[2020-02-22T14:32:32.928] [INFO] INFO - hbase:PointCloudr44442[246]bin:3
[2020-02-22T14:32:32.951] [INFO] INFO - hbase:PointCloudr44460[04]bin:11
[2020-02-22T14:32:32.951] [INFO] INFO - hbase:PointCloudr44446[02]bin:26
[2020-02-22T14:32:32.943] [INFO] INFO - hbase:PointCloudr444064[0246]bin:3
[2020-02-22T14:32:32.992] [INFO] INFO - hbase:PointCloudr444402[26]bin:5
[2020-02-22T14:32:32.996] [INFO] INFO - hbase:PointCloudr444066[0246]bin:7
[2020-02-22T14:32:33.248] [INFO] INFO - hbase:PointCloud7r4444062bin:3
[2020-02-22T14:32:33.931] [INFO] INFO - hbase:PointCloudr444420[0246]bin:6
[2020-02-22T14:32:34.123] [INFO] INFO - hbase:PointCloudr444422[04]bin:3
[2020-02-22T14:32:34.860] [INFO] INFO - hbase:PointCloudr444424[02]bin:655
[2020-02-22T14:32:34.911] [INFO] INFO - hbase:PointCloudr4440466[26]bin:10
[2020-02-22T14:32:35.155] [INFO] INFO - hbase:PointCloudr4440640[246]bin:5
[2020-02-22T14:32:35.190] [INFO] INFO - hbase:PointCloudr4440642[04]bin:3
[2020-02-22T14:32:35.378] [INFO] INFO - hbase:PointCloud6r444640bin:3
[2020-02-22T14:32:35.377] [INFO] INFO - hbase:PointCloudr44446[02]bin:2
[2020-02-22T14:32:35.381] [INFO] INFO - hbase:PointCloudr44424[46]bin:7
[2020-02-22T14:32:35.364] [INFO] INFO - hbase:PointCloudr4446[246]bin:4
[2020-02-22T14:32:35.405] [INFO] INFO - hbase:PointCloudr444244[04]bin:20
[2020-02-22T14:32:35.381] [INFO] INFO - hbase:PointCloudr44442[246]bin:7
[2020-02-22T14:32:35.382] [INFO] INFO - hbase:PointCloudr44460[0246]bin:7
[2020-02-22T14:32:35.427] [INFO] INFO - hbase:PointCloudr444064[246]bin:2
[2020-02-22T14:32:35.433] [INFO] INFO - hbase:PointCloudr444066[0246]bin:7
[2020-02-22T14:32:35.405] [INFO] INFO - hbase:PointCloudr444420[0246]bin:6
[2020-02-22T14:32:35.684] [INFO] INFO - hbase:PointCloudr444422[0246]bin:5
[2020-02-22T14:32:35.853] [INFO] INFO - hbase:PointCloud7r4444242bin:3
[2020-02-22T14:32:35.889] [INFO] INFO - hbase:PointCloudr444426[02]bin:9
[2020-02-22T14:32:36.229] [INFO] INFO - hbase:PointCloudr444600[04]bin:35
[2020-02-22T14:32:36.282] [INFO] INFO - hbase:PointCloud8r44406426bin:2
[2020-02-22T14:32:36.308] [INFO] INFO - hbase:PointCloudr4440646[246]bin:8
[2020-02-22T14:32:36.376] [INFO] INFO - hbase:PointCloudr4440660[0246]bin:6
[2020-02-22T14:32:36.450] [INFO] INFO - hbase:PointCloudr4440664[0246]bin:8
[2020-02-22T14:32:36.583] [INFO] INFO - hbase:PointCloudr4444200[26]bin:80
[2020-02-22T14:32:36.584] [INFO] INFO - hbase:PointCloudr4444202[024]bin:21
[2020-02-22T14:32:36.917] [INFO] INFO - hbase:PointCloud8r44442200bin:3
[2020-02-22T14:32:47.693] [INFO] INFO - hbase:PointCloud6r444466bin:3
[2020-02-22T14:32:47.698] [INFO] INFO - hbase:PointCloud6r444642bin:8
[2020-02-22T14:32:47.693] [INFO] INFO - hbase:PointCloud7r4442446bin:3
[2020-02-22T14:32:47.694] [INFO] INFO - hbase:PointCloudr444066[46]bin:4
[2020-02-22T14:32:47.693] [INFO] INFO - hbase:PointCloudr44460[26]bin:3
[2020-02-22T14:32:47.708] [INFO] INFO - hbase:PointCloudr444422[026]bin:13
[2020-02-22T14:32:47.713] [INFO] INFO - hbase:PointCloudr444426[46]bin:5
[2020-02-22T14:32:47.735] [INFO] INFO - hbase:PointCloud7r4444246bin:4
[2020-02-22T14:32:47.751] [INFO] INFO - hbase:PointCloud7r4446002bin:2
[2020-02-22T14:32:47.757] [INFO] INFO - hbase:PointCloud7r4444602bin:57
[2020-02-22T14:32:47.842] [INFO] INFO - hbase:PointCloud7r4446040bin:2
[2020-02-22T14:32:47.977] [INFO] INFO - hbase:PointCloudr4440664[46]bin:2
[2020-02-22T14:32:48.078] [INFO] INFO - hbase:PointCloud8r44406664bin:3
[2020-02-22T14:32:48.186] [INFO] INFO - hbase:PointCloud8r44442026bin:2
[2020-02-22T14:32:48.244] [INFO] INFO - hbase:PointCloudr4444206[0246]bin:8
[2020-02-22T14:32:48.385] [INFO] INFO - hbase:PointCloudr4444220[246]bin:4
[2020-02-22T14:32:48.428] [INFO] INFO - hbase:PointCloudr4444222[04]bin:4
[2020-02-22T14:32:48.526] [INFO] INFO - hbase:PointCloudr4444224[024]bin:5
[2020-02-22T14:32:48.652] [INFO] INFO - hbase:PointCloud8r44442420bin:8
[2020-02-22T14:32:59.163] [INFO] INFO - hbase:PointCloud5r44640bin:3
[2020-02-22T14:32:59.172] [INFO] INFO - hbase:PointCloud6r444660bin:3
[2020-02-22T14:32:59.177] [INFO] INFO - hbase:PointCloud7r4446006bin:3
[2020-02-22T14:32:59.173] [INFO] INFO - hbase:PointCloudr44464[46]bin:4
[2020-02-22T14:32:59.166] [INFO] INFO - hbase:PointCloudr44462[04]bin:3
[2020-02-22T14:32:59.188] [INFO] INFO - hbase:PointCloudr444604[246]bin:6
[2020-02-22T14:32:59.215] [INFO] INFO - hbase:PointCloud7r4446024bin:7
[2020-02-22T14:32:59.219] [INFO] INFO - hbase:PointCloudr444640[024]bin:26
[2020-02-22T14:32:59.334] [INFO] INFO - hbase:PointCloudr4444222[46]bin:4
[2020-02-22T14:32:59.614] [INFO] INFO - hbase:PointCloudr444462[26]bin:440
[2020-02-22T14:32:59.645] [INFO] INFO - hbase:PointCloudr444606[04]bin:465
[2020-02-22T14:32:59.778] [INFO] INFO - hbase:PointCloudr4444224[246]bin:3
[2020-02-22T14:33:00.045] [INFO] INFO - hbase:PointCloudr4444226[0246]bin:5
[2020-02-22T14:33:00.264] [INFO] INFO - hbase:PointCloudr4444260[26]bin:60
[2020-02-22T14:33:00.402] [INFO] INFO - hbase:PointCloudr4444262[0246]bin:8
[2020-02-22T14:33:00.666] [INFO] INFO - hbase:PointCloud8r44442642bin:6
[2020-02-22T14:33:00.850] [INFO] INFO - hbase:PointCloudr4444266[024]bin:10
[2020-02-22T14:33:01.152] [INFO] INFO - hbase:PointCloudr4446004[0246]bin:27
[2020-02-22T14:33:02.298] [INFO] INFO - hbase:PointCloudr4446006[04]bin:4
[2020-02-22T14:33:02.474] [INFO] INFO - hbase:PointCloudr4446040[0246]bin:40
[2020-02-22T14:33:02.570] [INFO] INFO - hbase:PointCloud8r44460440bin:4
[2020-02-22T14:33:16.492] [INFO] INFO - hbase:PointCloudr444462[04]bin:2
[2020-02-22T14:33:16.521] [INFO] INFO - hbase:PointCloud8r44442462bin:26
[2020-02-22T14:33:16.502] [INFO] INFO - hbase:PointCloudr4444260[04]bin:2
[2020-02-22T14:33:16.520] [INFO] INFO - hbase:PointCloudr4444242[26]bin:25
[2020-02-22T14:33:16.509] [INFO] INFO - hbase:PointCloudr4444264[046]bin:4
[2020-02-22T14:33:16.571] [INFO] INFO - hbase:PointCloud8r44446220bin:56
[2020-02-22T14:33:16.572] [INFO] INFO - hbase:PointCloudr4444620[024]bin:51
[2020-02-22T14:33:16.989] [INFO] INFO - hbase:PointCloudr444466[02]bin:499
[2020-02-22T14:33:17.012] [INFO] INFO - hbase:PointCloud8r44442666bin:3
[2020-02-22T14:33:22.463] [INFO] INFO - hbase:PointCloud6r444464bin:3
[2020-02-22T14:33:22.476] [INFO] INFO - hbase:PointCloud7r4444244bin:3
[2020-02-22T14:33:22.485] [INFO] INFO - hbase:PointCloud8r44442406bin:5
[2020-02-22T14:33:22.486] [INFO] INFO - hbase:PointCloud8r44442424bin:6
[2020-02-22T14:33:22.485] [INFO] INFO - hbase:PointCloud7r4444642bin:5
[2020-02-22T14:33:22.515] [INFO] INFO - hbase:PointCloudr444460[06]bin:42
[2020-02-22T14:33:22.501] [INFO] INFO - hbase:PointCloudr4444244[026]bin:5
[2020-02-22T14:33:22.506] [INFO] INFO - hbase:PointCloudr4444246[046]bin:21
[2020-02-22T14:33:22.544] [INFO] INFO - hbase:PointCloudr4444600[26]bin:55
[2020-02-22T14:33:22.532] [INFO] INFO - hbase:PointCloudr4444602[0246]bin:19
[2020-02-22T14:33:22.769] [INFO] INFO - hbase:PointCloudr4444606[0123]bin:9
[2020-02-22T14:33:23.280] [INFO] INFO - Connection closed
[2020-02-22T14:33:27.124] [INFO] INFO - New connection
[2020-02-22T14:34:09.608] [INFO] INFO - hbase:PointCloud8r44442446bin:3
[2020-02-22T14:34:09.605] [INFO] INFO - hbase:PointCloud7r4444604bin:5
[2020-02-22T14:34:09.611] [INFO] INFO - hbase:PointCloud7r4446440bin:6
[2020-02-22T14:34:09.610] [INFO] INFO - hbase:PointCloud8r44446042bin:5
[2020-02-22T14:34:09.612] [INFO] INFO - hbase:PointCloud7r4444646bin:7
[2020-02-22T14:34:09.609] [INFO] INFO - hbase:PointCloudr444466[46]bin:4
[2020-02-22T14:34:09.616] [INFO] INFO - hbase:PointCloudr4444606[46]bin:11
[2020-02-22T14:34:09.633] [INFO] INFO - hbase:PointCloud8r44446206bin:8
[2020-02-22T14:34:09.669] [INFO] INFO - hbase:PointCloud8r44446420bin:34
[2020-02-22T14:34:09.701] [INFO] INFO - hbase:PointCloudr4444624[024]bin:54
[2020-02-22T14:34:11.123] [INFO] INFO - hbase:PointCloud7r4444066bin:3
[2020-02-22T14:34:11.128] [INFO] INFO - hbase:PointCloud7r4444664bin:3
[2020-02-22T14:34:11.129] [INFO] INFO - hbase:PointCloud8r44442444bin:4
[2020-02-22T14:34:11.128] [INFO] INFO - hbase:PointCloud7r4444604bin:3
[2020-02-22T14:34:11.151] [INFO] INFO - hbase:PointCloud8r44446064bin:2
[2020-02-22T14:34:11.147] [INFO] INFO - hbase:PointCloud7r4444422bin:22
[2020-02-22T14:34:11.155] [INFO] INFO - hbase:PointCloud8r44444226bin:30
[2020-02-22T14:34:11.143] [INFO] INFO - hbase:PointCloudr4444600[04]bin:2
[2020-02-22T14:34:11.134] [INFO] INFO - hbase:PointCloudr444464[046]bin:9
[2020-02-22T14:34:11.181] [INFO] INFO - hbase:PointCloudr4444604[023467]bin:4
[2020-02-22T14:34:11.282] [INFO] INFO - hbase:PointCloud8r44446240bin:2
[2020-02-22T14:34:11.374] [INFO] INFO - hbase:PointCloudr4444642[02]bin:4
[2020-02-22T14:34:11.369] [INFO] INFO - hbase:PointCloudr4444640[026]bin:9
